2021-07-19 14:41:12.862 [background-preinit] INFO  org.hibernate.validator.internal.util.Version:21 - HV000001: Hibernate Validator 6.1.6.Final
2021-07-19 14:41:12.895 [main] INFO  org.jeecg.TalentServiceApplication:55 - Starting TalentServiceApplication on DESKTOP-4EOFDM6 with PID 13228 (D:\learngit\talent-service-management\talent-service-module-system\target\classes started by 11922 in D:\learngit\talent-service-management)
2021-07-19 14:41:12.896 [main] INFO  org.jeecg.TalentServiceApplication:655 - The following profiles are active: dev
2021-07-19 14:41:13.701 [background-preinit] WARN  o.s.h.converter.json.Jackson2ObjectMapperBuilder:127 - For Jackson Kotlin classes support please add "com.fasterxml.jackson.module:jackson-module-kotlin" to the classpath
2021-07-19 14:41:14.927 [main] INFO  o.s.d.r.config.RepositoryConfigurationDelegate:249 - Multiple Spring Data modules found, entering strict repository configuration mode!
2021-07-19 14:41:14.929 [main] INFO  o.s.d.r.config.RepositoryConfigurationDelegate:127 - Bootstrapping Spring Data Redis repositories in DEFAULT mode.
2021-07-19 14:41:15.043 [main] INFO  o.s.d.r.config.RepositoryConfigurationDelegate:187 - Finished Spring Data repository scanning in 96ms. Found 0 Redis repository interfaces.
2021-07-19 14:41:15.404 [main] INFO  o.s.c.s.PostProcessorRegistrationDelegate$BeanPostProcessorChecker:335 - Bean 'spring.redis-org.springframework.boot.autoconfigure.data.redis.RedisProperties' of type [org.springframework.boot.autoconfigure.data.redis.RedisProperties] is not eligible for getting processed by all BeanPostProcessors (for example: not eligible for auto-proxying)
2021-07-19 14:41:15.410 [main] INFO  o.s.c.s.PostProcessorRegistrationDelegate$BeanPostProcessorChecker:335 - Bean 'org.springframework.boot.autoconfigure.data.redis.LettuceConnectionConfiguration' of type [org.springframework.boot.autoconfigure.data.redis.LettuceConnectionConfiguration] is not eligible for getting processed by all BeanPostProcessors (for example: not eligible for auto-proxying)
2021-07-19 14:41:15.589 [main] INFO  o.s.c.s.PostProcessorRegistrationDelegate$BeanPostProcessorChecker:335 - Bean 'lettuceClientResources' of type [io.lettuce.core.resource.DefaultClientResources] is not eligible for getting processed by all BeanPostProcessors (for example: not eligible for auto-proxying)
2021-07-19 14:41:15.684 [main] INFO  o.s.c.s.PostProcessorRegistrationDelegate$BeanPostProcessorChecker:335 - Bean 'redisConnectionFactory' of type [org.springframework.data.redis.connection.lettuce.LettuceConnectionFactory] is not eligible for getting processed by all BeanPostProcessors (for example: not eligible for auto-proxying)
2021-07-19 14:41:15.687 [main] INFO  o.s.c.s.PostProcessorRegistrationDelegate$BeanPostProcessorChecker:335 - Bean 'shiroConfig' of type [org.jeecg.config.shiro.ShiroConfig$$EnhancerBySpringCGLIB$$62e0a001] is not eligible for getting processed by all BeanPostProcessors (for example: not eligible for auto-proxying)
2021-07-19 14:41:15.757 [main] INFO  o.s.c.s.PostProcessorRegistrationDelegate$BeanPostProcessorChecker:335 - Bean 'shiroRealm' of type [org.jeecg.config.shiro.ShiroRealm] is not eligible for getting processed by all BeanPostProcessors (for example: not eligible for auto-proxying)
2021-07-19 14:41:16.748 [main] INFO  org.jeecg.config.shiro.ShiroConfig:202 - ===============(1)创建缓存管理器RedisCacheManager
2021-07-19 14:41:16.749 [main] INFO  org.jeecg.config.shiro.ShiroConfig:220 - ===============(2)创建RedisManager,连接Redis..
2021-07-19 14:41:16.754 [main] INFO  o.s.c.s.PostProcessorRegistrationDelegate$BeanPostProcessorChecker:335 - Bean 'redisManager' of type [org.crazycake.shiro.RedisManager] is not eligible for getting processed by all BeanPostProcessors (for example: not eligible for auto-proxying)
2021-07-19 14:41:16.758 [main] INFO  o.s.c.s.PostProcessorRegistrationDelegate$BeanPostProcessorChecker:335 - Bean 'securityManager' of type [org.apache.shiro.web.mgt.DefaultWebSecurityManager] is not eligible for getting processed by all BeanPostProcessors (for example: not eligible for auto-proxying)
2021-07-19 14:41:16.794 [main] INFO  o.s.c.s.PostProcessorRegistrationDelegate$BeanPostProcessorChecker:335 - Bean 'authorizationAttributeSourceAdvisor' of type [org.apache.shiro.spring.security.interceptor.AuthorizationAttributeSourceAdvisor] is not eligible for getting processed by all BeanPostProcessors (for example: not eligible for auto-proxying)
2021-07-19 14:41:17.046 [main] INFO  o.s.c.s.PostProcessorRegistrationDelegate$BeanPostProcessorChecker:335 - Bean 'spring.datasource.dynamic-com.baomidou.dynamic.datasource.spring.boot.autoconfigure.DynamicDataSourceProperties' of type [com.baomidou.dynamic.datasource.spring.boot.autoconfigure.DynamicDataSourceProperties] is not eligible for getting processed by all BeanPostProcessors (for example: not eligible for auto-proxying)
2021-07-19 14:41:17.061 [main] INFO  o.s.c.s.PostProcessorRegistrationDelegate$BeanPostProcessorChecker:335 - Bean 'com.baomidou.dynamic.datasource.spring.boot.autoconfigure.DynamicDataSourceAutoConfiguration' of type [com.baomidou.dynamic.datasource.spring.boot.autoconfigure.DynamicDataSourceAutoConfiguration$$EnhancerBySpringCGLIB$$6d32c8d9] is not eligible for getting processed by all BeanPostProcessors (for example: not eligible for auto-proxying)
2021-07-19 14:41:17.087 [main] INFO  o.s.c.s.PostProcessorRegistrationDelegate$BeanPostProcessorChecker:335 - Bean 'dsProcessor' of type [com.baomidou.dynamic.datasource.processor.DsHeaderProcessor] is not eligible for getting processed by all BeanPostProcessors (for example: not eligible for auto-proxying)
2021-07-19 14:41:17.112 [main] INFO  o.s.c.s.PostProcessorRegistrationDelegate$BeanPostProcessorChecker:335 - Bean 'redisConfig' of type [org.jeecg.common.modules.redis.config.RedisConfig$$EnhancerBySpringCGLIB$$8042b031] is not eligible for getting processed by all BeanPostProcessors (for example: not eligible for auto-proxying)
2021-07-19 14:41:17.162 [main] INFO  o.s.c.s.PostProcessorRegistrationDelegate$BeanPostProcessorChecker:335 - Bean 'org.apache.shiro.spring.boot.autoconfigure.ShiroBeanAutoConfiguration' of type [org.apache.shiro.spring.boot.autoconfigure.ShiroBeanAutoConfiguration$$EnhancerBySpringCGLIB$$16bd35b8] is not eligible for getting processed by all BeanPostProcessors (for example: not eligible for auto-proxying)
2021-07-19 14:41:17.169 [main] INFO  o.s.c.s.PostProcessorRegistrationDelegate$BeanPostProcessorChecker:335 - Bean 'eventBus' of type [org.apache.shiro.event.support.DefaultEventBus] is not eligible for getting processed by all BeanPostProcessors (for example: not eligible for auto-proxying)
2021-07-19 14:41:17.525 [main] INFO  o.s.boot.web.embedded.tomcat.TomcatWebServer:108 - Tomcat initialized with port(s): 8080 (http)
2021-07-19 14:41:17.538 [main] INFO  org.apache.coyote.http11.Http11NioProtocol:173 - Initializing ProtocolHandler ["http-nio-8080"]
2021-07-19 14:41:17.540 [main] INFO  org.apache.catalina.core.StandardService:173 - Starting service [Tomcat]
2021-07-19 14:41:17.540 [main] INFO  org.apache.catalina.core.StandardEngine:173 - Starting Servlet engine: [Apache Tomcat/9.0.39]
2021-07-19 14:41:17.705 [main] INFO  o.a.c.core.ContainerBase.[Tomcat].[localhost].[/]:173 - Initializing Spring embedded WebApplicationContext
2021-07-19 14:41:17.706 [main] INFO  o.s.b.w.s.c.ServletWebServerApplicationContext:285 - Root WebApplicationContext: initialization completed in 4749 ms
2021-07-19 14:41:20.236 [main] INFO  com.alibaba.druid.pool.DruidDataSource:994 - {dataSource-1,master} inited
2021-07-19 14:41:20.238 [main] INFO  c.b.dynamic.datasource.DynamicRoutingDataSource:147 - dynamic-datasource - add a datasource named [master] success
2021-07-19 14:41:20.239 [main] INFO  c.b.dynamic.datasource.DynamicRoutingDataSource:238 - dynamic-datasource initial loaded [1] datasource,primary datasource named [master]
2021-07-19 14:41:20.477 [main] WARN  c.b.mybatisplus.core.metadata.TableInfoHelper:327 - Can not find table primary key in Class: "org.jeecg.modules.generate.model.TableInfo".
2021-07-19 14:41:22.874 [main] INFO  org.jeecg.common.modules.redis.config.RedisConfig:76 -  --- redis config init --- 
2021-07-19 14:41:25.891 [main] INFO  o.s.b.actuate.endpoint.web.EndpointLinksResolver:58 - Exposing 2 endpoint(s) beneath base path '/actuator'
2021-07-19 14:41:26.050 [main] INFO  s.d.s.w.WebMvcPropertySourcedRequestMappingHandlerMapping:69 - Mapped URL path [/v2/api-docs] onto method [springfox.documentation.swagger2.web.Swagger2ControllerWebMvc#getDocumentation(String, HttpServletRequest)]
2021-07-19 14:41:26.323 [main] INFO  o.s.scheduling.concurrent.ThreadPoolTaskExecutor:181 - Initializing ExecutorService 'applicationTaskExecutor'
2021-07-19 14:41:26.978 [main] INFO  org.apache.coyote.http11.Http11NioProtocol:173 - Starting ProtocolHandler ["http-nio-8080"]
2021-07-19 14:41:27.008 [main] INFO  o.s.boot.web.embedded.tomcat.TomcatWebServer:220 - Tomcat started on port(s): 8080 (http) with context path ''
2021-07-19 14:41:27.009 [main] INFO  s.d.s.web.plugins.DocumentationPluginsBootstrapper:93 - Documentation plugins bootstrapped
2021-07-19 14:41:27.012 [main] INFO  s.d.s.web.plugins.DocumentationPluginsBootstrapper:79 - Found 1 custom documentation plugin(s)
2021-07-19 14:41:27.127 [main] INFO  s.d.spring.web.scanners.ApiListingReferenceScanner:44 - Scanning for api listing references
2021-07-19 14:41:27.365 [main] INFO  s.d.s.w.r.operation.CachingOperationNameGenerator:41 - Generating unique operation named: addUsingPOST_1
2021-07-19 14:41:27.368 [main] INFO  s.d.s.w.r.operation.CachingOperationNameGenerator:41 - Generating unique operation named: deleteUsingDELETE_1
2021-07-19 14:41:27.369 [main] INFO  s.d.s.w.r.operation.CachingOperationNameGenerator:41 - Generating unique operation named: deleteBatchUsingDELETE_1
2021-07-19 14:41:27.371 [main] INFO  s.d.s.w.r.operation.CachingOperationNameGenerator:41 - Generating unique operation named: editUsingPUT_1
2021-07-19 14:41:27.372 [main] INFO  s.d.s.w.r.operation.CachingOperationNameGenerator:41 - Generating unique operation named: queryByIdUsingGET_1
2021-07-19 14:41:27.377 [main] INFO  s.d.s.w.r.operation.CachingOperationNameGenerator:41 - Generating unique operation named: queryPageListUsingGET_1
2021-07-19 14:41:27.385 [main] INFO  s.d.s.w.r.operation.CachingOperationNameGenerator:41 - Generating unique operation named: addUsingPOST_2
2021-07-19 14:41:27.386 [main] INFO  s.d.s.w.r.operation.CachingOperationNameGenerator:41 - Generating unique operation named: deleteUsingDELETE_2
2021-07-19 14:41:27.388 [main] INFO  s.d.s.w.r.operation.CachingOperationNameGenerator:41 - Generating unique operation named: deleteBatchUsingDELETE_2
2021-07-19 14:41:27.389 [main] INFO  s.d.s.w.r.operation.CachingOperationNameGenerator:41 - Generating unique operation named: editUsingPUT_2
2021-07-19 14:41:27.391 [main] INFO  s.d.s.w.r.operation.CachingOperationNameGenerator:41 - Generating unique operation named: queryByIdUsingGET_2
2021-07-19 14:41:27.396 [main] INFO  s.d.s.w.r.operation.CachingOperationNameGenerator:41 - Generating unique operation named: queryPageListUsingGET_2
2021-07-19 14:41:27.405 [main] INFO  s.d.s.w.r.operation.CachingOperationNameGenerator:41 - Generating unique operation named: addUsingPOST_3
2021-07-19 14:41:27.406 [main] INFO  s.d.s.w.r.operation.CachingOperationNameGenerator:41 - Generating unique operation named: deleteUsingDELETE_3
2021-07-19 14:41:27.408 [main] INFO  s.d.s.w.r.operation.CachingOperationNameGenerator:41 - Generating unique operation named: deleteBatchUsingDELETE_3
2021-07-19 14:41:27.410 [main] INFO  s.d.s.w.r.operation.CachingOperationNameGenerator:41 - Generating unique operation named: editUsingPUT_3
2021-07-19 14:41:27.411 [main] INFO  s.d.s.w.r.operation.CachingOperationNameGenerator:41 - Generating unique operation named: queryByIdUsingGET_3
2021-07-19 14:41:27.416 [main] INFO  s.d.s.w.r.operation.CachingOperationNameGenerator:41 - Generating unique operation named: queryPageListUsingGET_3
2021-07-19 14:41:27.432 [main] INFO  s.d.s.w.r.operation.CachingOperationNameGenerator:41 - Generating unique operation named: queryPageListUsingGET_4
2021-07-19 14:41:27.443 [main] INFO  s.d.s.w.r.operation.CachingOperationNameGenerator:41 - Generating unique operation named: addUsingPOST_4
2021-07-19 14:41:27.445 [main] INFO  s.d.s.w.r.operation.CachingOperationNameGenerator:41 - Generating unique operation named: deleteUsingDELETE_4
2021-07-19 14:41:27.446 [main] INFO  s.d.s.w.r.operation.CachingOperationNameGenerator:41 - Generating unique operation named: deleteBatchUsingDELETE_4
2021-07-19 14:41:27.448 [main] INFO  s.d.s.w.r.operation.CachingOperationNameGenerator:41 - Generating unique operation named: editUsingPUT_4
2021-07-19 14:41:27.451 [main] INFO  s.d.s.w.r.operation.CachingOperationNameGenerator:41 - Generating unique operation named: queryByIdUsingGET_4
2021-07-19 14:41:27.455 [main] INFO  s.d.s.w.r.operation.CachingOperationNameGenerator:41 - Generating unique operation named: queryPageListUsingGET_5
2021-07-19 14:41:27.469 [main] INFO  s.d.s.w.r.operation.CachingOperationNameGenerator:41 - Generating unique operation named: queryPageListUsingGET_6
2021-07-19 14:41:27.470 [main] INFO  s.d.s.w.r.operation.CachingOperationNameGenerator:41 - Generating unique operation named: deleteUsingDELETE_5
2021-07-19 14:41:27.478 [main] INFO  s.d.s.w.r.operation.CachingOperationNameGenerator:41 - Generating unique operation named: addUsingPOST_5
2021-07-19 14:41:27.480 [main] INFO  s.d.s.w.r.operation.CachingOperationNameGenerator:41 - Generating unique operation named: deleteBatchUsingDELETE_5
2021-07-19 14:41:27.482 [main] INFO  s.d.s.w.r.operation.CachingOperationNameGenerator:41 - Generating unique operation named: editUsingPUT_5
2021-07-19 14:41:27.487 [main] INFO  s.d.s.w.r.operation.CachingOperationNameGenerator:41 - Generating unique operation named: queryByIdUsingGET_5
2021-07-19 14:41:27.523 [main] INFO  s.d.s.w.r.operation.CachingOperationNameGenerator:41 - Generating unique operation named: deleteBatchUsingDELETE_6
2021-07-19 14:41:27.563 [main] INFO  s.d.s.w.r.operation.CachingOperationNameGenerator:41 - Generating unique operation named: pageUsingGET_1
2021-07-19 14:41:27.566 [main] INFO  s.d.s.w.r.operation.CachingOperationNameGenerator:41 - Generating unique operation named: deleteBatchUsingDELETE_7
2021-07-19 14:41:27.568 [main] INFO  s.d.s.w.r.operation.CachingOperationNameGenerator:41 - Generating unique operation named: deleteByIdUsingDELETE_1
2021-07-19 14:41:27.573 [main] INFO  s.d.s.w.r.operation.CachingOperationNameGenerator:41 - Generating unique operation named: editUsingPOST_1
2021-07-19 14:41:27.575 [main] INFO  s.d.s.w.r.operation.CachingOperationNameGenerator:41 - Generating unique operation named: findByIdUsingGET_1
2021-07-19 14:41:27.577 [main] INFO  s.d.s.w.r.operation.CachingOperationNameGenerator:41 - Generating unique operation named: insertUsingPOST_1
2021-07-19 14:41:27.593 [main] INFO  s.d.s.w.r.operation.CachingOperationNameGenerator:41 - Generating unique operation named: pageUsingGET_2
2021-07-19 14:41:27.595 [main] INFO  s.d.s.w.r.operation.CachingOperationNameGenerator:41 - Generating unique operation named: deleteBatchUsingDELETE_8
2021-07-19 14:41:27.597 [main] INFO  s.d.s.w.r.operation.CachingOperationNameGenerator:41 - Generating unique operation named: deleteByIdUsingDELETE_2
2021-07-19 14:41:27.610 [main] INFO  s.d.s.w.r.operation.CachingOperationNameGenerator:41 - Generating unique operation named: editUsingPOST_2
2021-07-19 14:41:27.612 [main] INFO  s.d.s.w.r.operation.CachingOperationNameGenerator:41 - Generating unique operation named: findByIdUsingGET_2
2021-07-19 14:41:27.616 [main] INFO  s.d.s.w.r.operation.CachingOperationNameGenerator:41 - Generating unique operation named: insertUsingPOST_2
2021-07-19 14:41:27.629 [main] INFO  s.d.s.w.r.operation.CachingOperationNameGenerator:41 - Generating unique operation named: pageUsingGET_3
2021-07-19 14:41:27.631 [main] INFO  s.d.s.w.r.operation.CachingOperationNameGenerator:41 - Generating unique operation named: deleteBatchUsingDELETE_9
2021-07-19 14:41:27.634 [main] INFO  s.d.s.w.r.operation.CachingOperationNameGenerator:41 - Generating unique operation named: deleteByIdUsingDELETE_3
2021-07-19 14:41:27.641 [main] INFO  s.d.s.w.r.operation.CachingOperationNameGenerator:41 - Generating unique operation named: editUsingPOST_3
2021-07-19 14:41:27.643 [main] INFO  s.d.s.w.r.operation.CachingOperationNameGenerator:41 - Generating unique operation named: findByIdUsingGET_3
2021-07-19 14:41:27.645 [main] INFO  s.d.s.w.r.operation.CachingOperationNameGenerator:41 - Generating unique operation named: insertUsingPOST_3
2021-07-19 14:41:27.661 [main] INFO  s.d.s.w.r.operation.CachingOperationNameGenerator:41 - Generating unique operation named: pageUsingGET_4
2021-07-19 14:41:27.663 [main] INFO  s.d.s.w.r.operation.CachingOperationNameGenerator:41 - Generating unique operation named: deleteBatchUsingDELETE_10
2021-07-19 14:41:27.665 [main] INFO  s.d.s.w.r.operation.CachingOperationNameGenerator:41 - Generating unique operation named: deleteByIdUsingDELETE_4
2021-07-19 14:41:27.674 [main] INFO  s.d.s.w.r.operation.CachingOperationNameGenerator:41 - Generating unique operation named: editUsingPOST_4
2021-07-19 14:41:27.678 [main] INFO  s.d.s.w.r.operation.CachingOperationNameGenerator:41 - Generating unique operation named: findByIdUsingGET_4
2021-07-19 14:41:27.681 [main] INFO  s.d.s.w.r.operation.CachingOperationNameGenerator:41 - Generating unique operation named: insertUsingPOST_4
2021-07-19 14:41:27.695 [main] INFO  s.d.s.w.r.operation.CachingOperationNameGenerator:41 - Generating unique operation named: pageUsingGET_5
2021-07-19 14:41:27.698 [main] INFO  s.d.s.w.r.operation.CachingOperationNameGenerator:41 - Generating unique operation named: deleteBatchUsingDELETE_11
2021-07-19 14:41:27.700 [main] INFO  s.d.s.w.r.operation.CachingOperationNameGenerator:41 - Generating unique operation named: deleteByIdUsingDELETE_5
2021-07-19 14:41:27.708 [main] INFO  s.d.s.w.r.operation.CachingOperationNameGenerator:41 - Generating unique operation named: editUsingPOST_5
2021-07-19 14:41:27.710 [main] INFO  s.d.s.w.r.operation.CachingOperationNameGenerator:41 - Generating unique operation named: findByIdUsingGET_5
2021-07-19 14:41:27.711 [main] INFO  s.d.s.w.r.operation.CachingOperationNameGenerator:41 - Generating unique operation named: insertUsingPOST_5
2021-07-19 14:41:27.723 [main] INFO  s.d.s.w.r.operation.CachingOperationNameGenerator:41 - Generating unique operation named: pageUsingGET_6
2021-07-19 14:41:27.725 [main] INFO  s.d.s.w.r.operation.CachingOperationNameGenerator:41 - Generating unique operation named: deleteBatchUsingDELETE_12
2021-07-19 14:41:27.727 [main] INFO  s.d.s.w.r.operation.CachingOperationNameGenerator:41 - Generating unique operation named: deleteByIdUsingDELETE_6
2021-07-19 14:41:27.731 [main] INFO  s.d.s.w.r.operation.CachingOperationNameGenerator:41 - Generating unique operation named: editUsingPOST_6
2021-07-19 14:41:27.734 [main] INFO  s.d.s.w.r.operation.CachingOperationNameGenerator:41 - Generating unique operation named: findByIdUsingGET_6
2021-07-19 14:41:27.737 [main] INFO  s.d.s.w.r.operation.CachingOperationNameGenerator:41 - Generating unique operation named: insertUsingPOST_6
2021-07-19 14:41:31.365 [redisContainer-1] ERROR o.s.d.redis.listener.RedisMessageListenerContainer:651 - Connection failure occurred. Restarting subscription task after 5000 ms
2021-07-19 14:41:32.758 [main] INFO  org.jeecg.TalentServiceApplication:61 - Started TalentServiceApplication in 20.651 seconds (JVM running for 23.746)
2021-07-19 14:41:32.763 [main] INFO  org.jeecg.TalentServiceApplication:36 - 
----------------------------------------------------------
	Local: 		http://localhost:8080/
	External: 	http://192.168.74.1:8080/
	Swagger文档: 	http://192.168.74.1:8080/doc.html
----------------------------------------------------------
2021-07-19 14:41:38.403 [redisContainer-2] ERROR o.s.d.redis.listener.RedisMessageListenerContainer:651 - Connection failure occurred. Restarting subscription task after 5000 ms
2021-07-19 14:41:45.443 [redisContainer-3] ERROR o.s.d.redis.listener.RedisMessageListenerContainer:651 - Connection failure occurred. Restarting subscription task after 5000 ms
2021-07-19 14:41:52.483 [redisContainer-4] ERROR o.s.d.redis.listener.RedisMessageListenerContainer:651 - Connection failure occurred. Restarting subscription task after 5000 ms
2021-07-19 14:41:59.513 [redisContainer-5] ERROR o.s.d.redis.listener.RedisMessageListenerContainer:651 - Connection failure occurred. Restarting subscription task after 5000 ms
2021-07-19 14:42:02.968 [http-nio-8080-exec-1] INFO  o.a.c.core.ContainerBase.[Tomcat].[localhost].[/]:173 - Initializing Spring DispatcherServlet 'dispatcherServlet'
2021-07-19 14:42:02.968 [http-nio-8080-exec-1] INFO  org.springframework.web.servlet.DispatcherServlet:525 - Initializing Servlet 'dispatcherServlet'
2021-07-19 14:42:02.988 [http-nio-8080-exec-1] INFO  org.springframework.web.servlet.DispatcherServlet:547 - Completed initialization in 20 ms
2021-07-19 14:42:06.552 [redisContainer-6] ERROR o.s.d.redis.listener.RedisMessageListenerContainer:651 - Connection failure occurred. Restarting subscription task after 5000 ms
2021-07-19 14:42:13.596 [redisContainer-7] ERROR o.s.d.redis.listener.RedisMessageListenerContainer:651 - Connection failure occurred. Restarting subscription task after 5000 ms
2021-07-19 14:42:20.651 [redisContainer-8] ERROR o.s.d.redis.listener.RedisMessageListenerContainer:651 - Connection failure occurred. Restarting subscription task after 5000 ms
2021-07-19 14:42:27.702 [redisContainer-9] ERROR o.s.d.redis.listener.RedisMessageListenerContainer:651 - Connection failure occurred. Restarting subscription task after 5000 ms
2021-07-19 14:42:34.757 [redisContainer-10] ERROR o.s.d.redis.listener.RedisMessageListenerContainer:651 - Connection failure occurred. Restarting subscription task after 5000 ms
2021-07-19 14:42:41.817 [redisContainer-11] ERROR o.s.d.redis.listener.RedisMessageListenerContainer:651 - Connection failure occurred. Restarting subscription task after 5000 ms
2021-07-19 14:42:48.885 [redisContainer-12] ERROR o.s.d.redis.listener.RedisMessageListenerContainer:651 - Connection failure occurred. Restarting subscription task after 5000 ms
2021-07-19 14:42:55.950 [redisContainer-13] ERROR o.s.d.redis.listener.RedisMessageListenerContainer:651 - Connection failure occurred. Restarting subscription task after 5000 ms
2021-07-19 14:43:02.986 [redisContainer-14] ERROR o.s.d.redis.listener.RedisMessageListenerContainer:651 - Connection failure occurred. Restarting subscription task after 5000 ms
2021-07-19 14:43:10.047 [redisContainer-15] ERROR o.s.d.redis.listener.RedisMessageListenerContainer:651 - Connection failure occurred. Restarting subscription task after 5000 ms
2021-07-19 14:43:17.101 [redisContainer-16] ERROR o.s.d.redis.listener.RedisMessageListenerContainer:651 - Connection failure occurred. Restarting subscription task after 5000 ms
2021-07-19 14:43:24.164 [redisContainer-17] ERROR o.s.d.redis.listener.RedisMessageListenerContainer:651 - Connection failure occurred. Restarting subscription task after 5000 ms
2021-07-19 14:43:31.234 [redisContainer-18] ERROR o.s.d.redis.listener.RedisMessageListenerContainer:651 - Connection failure occurred. Restarting subscription task after 5000 ms
2021-07-19 14:43:38.282 [redisContainer-19] ERROR o.s.d.redis.listener.RedisMessageListenerContainer:651 - Connection failure occurred. Restarting subscription task after 5000 ms
2021-07-19 14:43:45.328 [redisContainer-20] ERROR o.s.d.redis.listener.RedisMessageListenerContainer:651 - Connection failure occurred. Restarting subscription task after 5000 ms
2021-07-19 14:43:52.363 [redisContainer-21] ERROR o.s.d.redis.listener.RedisMessageListenerContainer:651 - Connection failure occurred. Restarting subscription task after 5000 ms
2021-07-19 14:43:59.428 [redisContainer-22] ERROR o.s.d.redis.listener.RedisMessageListenerContainer:651 - Connection failure occurred. Restarting subscription task after 5000 ms
2021-07-19 14:44:06.494 [redisContainer-23] ERROR o.s.d.redis.listener.RedisMessageListenerContainer:651 - Connection failure occurred. Restarting subscription task after 5000 ms
2021-07-19 14:44:13.557 [redisContainer-24] ERROR o.s.d.redis.listener.RedisMessageListenerContainer:651 - Connection failure occurred. Restarting subscription task after 5000 ms
2021-07-19 14:44:20.620 [redisContainer-25] ERROR o.s.d.redis.listener.RedisMessageListenerContainer:651 - Connection failure occurred. Restarting subscription task after 5000 ms
2021-07-19 14:44:27.675 [redisContainer-26] ERROR o.s.d.redis.listener.RedisMessageListenerContainer:651 - Connection failure occurred. Restarting subscription task after 5000 ms
2021-07-19 14:44:34.720 [redisContainer-27] ERROR o.s.d.redis.listener.RedisMessageListenerContainer:651 - Connection failure occurred. Restarting subscription task after 5000 ms
2021-07-19 14:44:41.777 [redisContainer-28] ERROR o.s.d.redis.listener.RedisMessageListenerContainer:651 - Connection failure occurred. Restarting subscription task after 5000 ms
2021-07-19 14:44:48.836 [redisContainer-29] ERROR o.s.d.redis.listener.RedisMessageListenerContainer:651 - Connection failure occurred. Restarting subscription task after 5000 ms
2021-07-19 14:44:55.896 [redisContainer-30] ERROR o.s.d.redis.listener.RedisMessageListenerContainer:651 - Connection failure occurred. Restarting subscription task after 5000 ms
2021-07-19 14:45:02.965 [redisContainer-31] ERROR o.s.d.redis.listener.RedisMessageListenerContainer:651 - Connection failure occurred. Restarting subscription task after 5000 ms
2021-07-19 14:45:10.015 [redisContainer-32] ERROR o.s.d.redis.listener.RedisMessageListenerContainer:651 - Connection failure occurred. Restarting subscription task after 5000 ms
2021-07-19 14:45:17.062 [redisContainer-33] ERROR o.s.d.redis.listener.RedisMessageListenerContainer:651 - Connection failure occurred. Restarting subscription task after 5000 ms
2021-07-19 14:45:24.114 [redisContainer-34] ERROR o.s.d.redis.listener.RedisMessageListenerContainer:651 - Connection failure occurred. Restarting subscription task after 5000 ms
2021-07-19 14:45:31.182 [redisContainer-35] ERROR o.s.d.redis.listener.RedisMessageListenerContainer:651 - Connection failure occurred. Restarting subscription task after 5000 ms
2021-07-19 14:45:38.241 [redisContainer-36] ERROR o.s.d.redis.listener.RedisMessageListenerContainer:651 - Connection failure occurred. Restarting subscription task after 5000 ms
2021-07-19 14:45:45.282 [redisContainer-37] ERROR o.s.d.redis.listener.RedisMessageListenerContainer:651 - Connection failure occurred. Restarting subscription task after 5000 ms
2021-07-19 14:45:52.323 [redisContainer-38] ERROR o.s.d.redis.listener.RedisMessageListenerContainer:651 - Connection failure occurred. Restarting subscription task after 5000 ms
2021-07-19 14:45:59.373 [redisContainer-39] ERROR o.s.d.redis.listener.RedisMessageListenerContainer:651 - Connection failure occurred. Restarting subscription task after 5000 ms
2021-07-19 14:46:06.414 [redisContainer-40] ERROR o.s.d.redis.listener.RedisMessageListenerContainer:651 - Connection failure occurred. Restarting subscription task after 5000 ms
2021-07-19 14:46:13.475 [redisContainer-41] ERROR o.s.d.redis.listener.RedisMessageListenerContainer:651 - Connection failure occurred. Restarting subscription task after 5000 ms
2021-07-19 14:46:20.528 [redisContainer-42] ERROR o.s.d.redis.listener.RedisMessageListenerContainer:651 - Connection failure occurred. Restarting subscription task after 5000 ms
2021-07-19 14:46:27.590 [redisContainer-43] ERROR o.s.d.redis.listener.RedisMessageListenerContainer:651 - Connection failure occurred. Restarting subscription task after 5000 ms
2021-07-19 14:46:34.642 [redisContainer-44] ERROR o.s.d.redis.listener.RedisMessageListenerContainer:651 - Connection failure occurred. Restarting subscription task after 5000 ms
2021-07-19 14:46:41.692 [redisContainer-45] ERROR o.s.d.redis.listener.RedisMessageListenerContainer:651 - Connection failure occurred. Restarting subscription task after 5000 ms
2021-07-19 14:46:48.758 [redisContainer-46] ERROR o.s.d.redis.listener.RedisMessageListenerContainer:651 - Connection failure occurred. Restarting subscription task after 5000 ms
2021-07-19 14:46:55.821 [redisContainer-47] ERROR o.s.d.redis.listener.RedisMessageListenerContainer:651 - Connection failure occurred. Restarting subscription task after 5000 ms
2021-07-19 14:47:02.874 [redisContainer-48] ERROR o.s.d.redis.listener.RedisMessageListenerContainer:651 - Connection failure occurred. Restarting subscription task after 5000 ms
2021-07-19 14:47:09.943 [redisContainer-49] ERROR o.s.d.redis.listener.RedisMessageListenerContainer:651 - Connection failure occurred. Restarting subscription task after 5000 ms
2021-07-19 14:47:16.993 [redisContainer-50] ERROR o.s.d.redis.listener.RedisMessageListenerContainer:651 - Connection failure occurred. Restarting subscription task after 5000 ms
